<?xml version="1.0" encoding="UTF-8"?>
<testng-results ignored="0" total="1" passed="1" failed="0" skipped="0">
  <reporter-output>
  </reporter-output>
  <suite started-at="2024-05-08T15:15:44 IST" name="Suite" finished-at="2024-05-08T15:16:07 IST" duration-ms="22341">
    <groups>
    </groups>
    <test started-at="2024-05-08T15:15:44 IST" name="Test" finished-at="2024-05-08T15:16:07 IST" duration-ms="22341">
      <class name="com.Confiance_Test_Script.OTP_SIGN_UP">
        <test-method is-config="true" signature="Setup(java.lang.String)[pri:0, instance:com.Confiance_Test_Script.OTP_SIGN_UP@4c1909a3]" started-at="2024-05-08T15:15:45 IST" name="Setup" finished-at="2024-05-08T15:15:52 IST" duration-ms="7007" status="PASS">
          <params>
            <param index="0">
              <value>
                <![CDATA[edge]]>
              </value>
            </param>
          </params>
          <reporter-output>
          </reporter-output>
        </test-method> <!-- Setup -->
        <test-method signature="Sign_Up_Process()[pri:0, instance:com.Confiance_Test_Script.OTP_SIGN_UP@4c1909a3]" started-at="2024-05-08T15:15:52 IST" name="Sign_Up_Process" finished-at="2024-05-08T15:16:05 IST" duration-ms="13309" status="PASS">
          <reporter-output>
          </reporter-output>
        </test-method> <!-- Sign_Up_Process -->
        <test-method is-config="true" signature="Teardown()[pri:0, instance:com.Confiance_Test_Script.OTP_SIGN_UP@4c1909a3]" started-at="2024-05-08T15:16:05 IST" name="Teardown" finished-at="2024-05-08T15:16:07 IST" duration-ms="1926" status="PASS">
          <reporter-output>
          </reporter-output>
        </test-method> <!-- Teardown -->
      </class> <!-- com.Confiance_Test_Script.OTP_SIGN_UP -->
    </test> <!-- Test -->
  </suite> <!-- Suite -->
</testng-results>
